28-May-2022 09:50:20.601 INFORMAÇÕES [main] org.apache.catalina.startup.VersionLoggerListener.log Server version name:   Apache Tomcat/8.5.79
28-May-2022 09:50:20.606 INFORMAÇÕES [main] org.apache.catalina.startup.VersionLoggerListener.log Server built:          May 16 2022 15:36:23 UTC
28-May-2022 09:50:20.606 INFORMAÇÕES [main] org.apache.catalina.startup.VersionLoggerListener.log Server version number: 8.5.79.0
28-May-2022 09:50:20.606 INFORMAÇÕES [main] org.apache.catalina.startup.VersionLoggerListener.log OS Name:               Windows 10
28-May-2022 09:50:20.606 INFORMAÇÕES [main] org.apache.catalina.startup.VersionLoggerListener.log OS Version:            10.0
28-May-2022 09:50:20.606 INFORMAÇÕES [main] org.apache.catalina.startup.VersionLoggerListener.log Architecture:          amd64
28-May-2022 09:50:20.606 INFORMAÇÕES [main] org.apache.catalina.startup.VersionLoggerListener.log Java Home:             C:\Program Files\Eclipse Adoptium\jdk-11.0.14.9-hotspot
28-May-2022 09:50:20.607 INFORMAÇÕES [main] org.apache.catalina.startup.VersionLoggerListener.log JVM Version:           11.0.14+9
28-May-2022 09:50:20.607 INFORMAÇÕES [main] org.apache.catalina.startup.VersionLoggerListener.log JVM Vendor:            Eclipse Adoptium
28-May-2022 09:50:20.607 INFORMAÇÕES [main] org.apache.catalina.startup.VersionLoggerListener.log CATALINA_BASE:         C:\Users\DELL\Documents\NetBeansProjects\apache-tomcat-8.5.79
28-May-2022 09:50:20.608 INFORMAÇÕES [main] org.apache.catalina.startup.VersionLoggerListener.log CATALINA_HOME:         C:\Users\DELL\Documents\NetBeansProjects\apache-tomcat-8.5.79
28-May-2022 09:50:20.611 INFORMAÇÕES [main] org.apache.catalina.startup.VersionLoggerListener.log Command line argument: --add-opens=java.base/java.lang=ALL-UNNAMED
28-May-2022 09:50:20.611 INFORMAÇÕES [main] org.apache.catalina.startup.VersionLoggerListener.log Command line argument: --add-opens=java.base/java.io=ALL-UNNAMED
28-May-2022 09:50:20.611 INFORMAÇÕES [main] org.apache.catalina.startup.VersionLoggerListener.log Command line argument: --add-opens=java.base/java.util=ALL-UNNAMED
28-May-2022 09:50:20.611 INFORMAÇÕES [main] org.apache.catalina.startup.VersionLoggerListener.log Command line argument: --add-opens=java.base/java.util.concurrent=ALL-UNNAMED
28-May-2022 09:50:20.611 INFORMAÇÕES [main] org.apache.catalina.startup.VersionLoggerListener.log Command line argument: --add-opens=java.rmi/sun.rmi.transport=ALL-UNNAMED
28-May-2022 09:50:20.612 INFORMAÇÕES [main] org.apache.catalina.startup.VersionLoggerListener.log Command line argument: -Djava.util.logging.config.file=C:\Users\DELL\Documents\NetBeansProjects\apache-tomcat-8.5.79\conf\logging.properties
28-May-2022 09:50:20.612 INFORMAÇÕES [main] org.apache.catalina.startup.VersionLoggerListener.log Command line argument: -Djava.util.logging.manager=org.apache.juli.ClassLoaderLogManager
28-May-2022 09:50:20.613 INFORMAÇÕES [main] org.apache.catalina.startup.VersionLoggerListener.log Command line argument: -Dhttp.nonProxyHosts=localhost|127.0.0.1|DESKTOP-41GSV73
28-May-2022 09:50:20.613 INFORMAÇÕES [main] org.apache.catalina.startup.VersionLoggerListener.log Command line argument: -Djdk.tls.ephemeralDHKeySize=2048
28-May-2022 09:50:20.613 INFORMAÇÕES [main] org.apache.catalina.startup.VersionLoggerListener.log Command line argument: -Djava.protocol.handler.pkgs=org.apache.catalina.webresources
28-May-2022 09:50:20.613 INFORMAÇÕES [main] org.apache.catalina.startup.VersionLoggerListener.log Command line argument: -Dignore.endorsed.dirs=
28-May-2022 09:50:20.613 INFORMAÇÕES [main] org.apache.catalina.startup.VersionLoggerListener.log Command line argument: -Dcatalina.base=C:\Users\DELL\Documents\NetBeansProjects\apache-tomcat-8.5.79
28-May-2022 09:50:20.613 INFORMAÇÕES [main] org.apache.catalina.startup.VersionLoggerListener.log Command line argument: -Dcatalina.home=C:\Users\DELL\Documents\NetBeansProjects\apache-tomcat-8.5.79
28-May-2022 09:50:20.614 INFORMAÇÕES [main] org.apache.catalina.startup.VersionLoggerListener.log Command line argument: -Djava.io.tmpdir=C:\Users\DELL\Documents\NetBeansProjects\apache-tomcat-8.5.79\temp
28-May-2022 09:50:20.682 INFORMAÇÕES [main] org.apache.catalina.core.AprLifecycleListener.lifecycleEvent Loaded Apache Tomcat Native library [1.2.33] using APR version [1.7.0].
28-May-2022 09:50:20.683 INFORMAÇÕES [main] org.apache.catalina.core.AprLifecycleListener.lifecycleEvent APR capabilities: IPv6 [true], sendfile [true], accept filters [false], random [true], UDS [{4}].
28-May-2022 09:50:20.684 INFORMAÇÕES [main] org.apache.catalina.core.AprLifecycleListener.lifecycleEvent APR/OpenSSL configuration: useAprConnector [false], useOpenSSL [true]
28-May-2022 09:50:20.692 INFORMAÇÕES [main] org.apache.catalina.core.AprLifecycleListener.initializeSSL OpenSSL successfully initialized [OpenSSL 1.1.1o  3 May 2022]
28-May-2022 09:50:20.790 INFORMAÇÕES [main] org.apache.coyote.AbstractProtocol.init Initializing ProtocolHandler ["http-nio-8080"]
28-May-2022 09:50:20.826 INFORMAÇÕES [main] org.apache.catalina.startup.Catalina.load Initialization processed in 719 ms
28-May-2022 09:50:20.909 INFORMAÇÕES [main] org.apache.catalina.core.StandardService.startInternal Starting service [Catalina]
28-May-2022 09:50:20.910 INFORMAÇÕES [main] org.apache.catalina.core.StandardEngine.startInternal Starting Servlet engine: [Apache Tomcat/8.5.79]
28-May-2022 09:50:20.953 INFORMAÇÕES [localhost-startStop-1] org.apache.catalina.startup.HostConfig.deployDirectory Deploying web application directory [C:\Users\DELL\Documents\NetBeansProjects\apache-tomcat-8.5.79\webapps\docs]
28-May-2022 09:50:21.326 INFORMAÇÕES [localhost-startStop-1] org.apache.catalina.startup.HostConfig.deployDirectory Deployment of web application directory [C:\Users\DELL\Documents\NetBeansProjects\apache-tomcat-8.5.79\webapps\docs] has finished in [373] ms
28-May-2022 09:50:21.326 INFORMAÇÕES [localhost-startStop-1] org.apache.catalina.startup.HostConfig.deployDirectory Deploying web application directory [C:\Users\DELL\Documents\NetBeansProjects\apache-tomcat-8.5.79\webapps\examples]
28-May-2022 09:50:21.805 INFORMAÇÕES [localhost-startStop-1] org.apache.catalina.startup.HostConfig.deployDirectory Deployment of web application directory [C:\Users\DELL\Documents\NetBeansProjects\apache-tomcat-8.5.79\webapps\examples] has finished in [479] ms
28-May-2022 09:50:21.805 INFORMAÇÕES [localhost-startStop-1] org.apache.catalina.startup.HostConfig.deployDirectory Deploying web application directory [C:\Users\DELL\Documents\NetBeansProjects\apache-tomcat-8.5.79\webapps\host-manager]
28-May-2022 09:50:21.855 INFORMAÇÕES [localhost-startStop-1] org.apache.catalina.startup.HostConfig.deployDirectory Deployment of web application directory [C:\Users\DELL\Documents\NetBeansProjects\apache-tomcat-8.5.79\webapps\host-manager] has finished in [49] ms
28-May-2022 09:50:21.855 INFORMAÇÕES [localhost-startStop-1] org.apache.catalina.startup.HostConfig.deployDirectory Deploying web application directory [C:\Users\DELL\Documents\NetBeansProjects\apache-tomcat-8.5.79\webapps\manager]
28-May-2022 09:50:22.014 INFORMAÇÕES [localhost-startStop-1] org.apache.catalina.startup.HostConfig.deployDirectory Deployment of web application directory [C:\Users\DELL\Documents\NetBeansProjects\apache-tomcat-8.5.79\webapps\manager] has finished in [159] ms
28-May-2022 09:50:22.015 INFORMAÇÕES [localhost-startStop-1] org.apache.catalina.startup.HostConfig.deployDirectory Deploying web application directory [C:\Users\DELL\Documents\NetBeansProjects\apache-tomcat-8.5.79\webapps\ROOT]
28-May-2022 09:50:22.093 INFORMAÇÕES [localhost-startStop-1] org.apache.catalina.startup.HostConfig.deployDirectory Deployment of web application directory [C:\Users\DELL\Documents\NetBeansProjects\apache-tomcat-8.5.79\webapps\ROOT] has finished in [78] ms
28-May-2022 09:50:22.098 INFORMAÇÕES [main] org.apache.coyote.AbstractProtocol.start Starting ProtocolHandler ["http-nio-8080"]
28-May-2022 09:50:22.197 INFORMAÇÕES [main] org.apache.catalina.startup.Catalina.start Server startup in 1370 ms
28-May-2022 09:50:37.032 INFORMAÇÕES [http-nio-8080-exec-7] org.apache.catalina.startup.HostConfig.deployDescriptor Deploying deployment descriptor [C:\Users\DELL\Documents\NetBeansProjects\apache-tomcat-8.5.79\conf\Catalina\localhost\ProjetoBiblioteca.xml]
28-May-2022 09:50:37.078 INFORMAÇÕES [http-nio-8080-exec-7] org.apache.catalina.startup.HostConfig.deployDescriptor Deployment of deployment descriptor [C:\Users\DELL\Documents\NetBeansProjects\apache-tomcat-8.5.79\conf\Catalina\localhost\ProjetoBiblioteca.xml] has finished in [45] ms
28-May-2022 09:50:37.081 INFORMAÇÕES [http-nio-8080-exec-6] org.apache.catalina.util.LifecycleBase.start The start() method was called on component [StandardEngine[Catalina].StandardHost[localhost].StandardContext[/ProjetoBiblioteca]] after start() had already been called. The second call will be ignored.
28-May-2022 10:17:34.225 INFORMAÇÕES [http-nio-8080-exec-5] org.apache.catalina.core.StandardContext.reload Reloading Context with name [/ProjetoBiblioteca] has started
28-May-2022 10:17:34.300 INFORMAÇÕES [http-nio-8080-exec-5] org.apache.catalina.core.StandardContext.reload Reloading Context with name [/ProjetoBiblioteca] is completed
28-May-2022 10:17:35.054 INFORMAÇÕES [http-nio-8080-exec-6] org.apache.catalina.core.StandardContext.reload Reloading Context with name [/ProjetoBiblioteca] has started
28-May-2022 10:17:35.086 INFORMAÇÕES [http-nio-8080-exec-6] org.apache.catalina.core.StandardContext.reload Reloading Context with name [/ProjetoBiblioteca] is completed
28-May-2022 10:39:33.049 INFORMAÇÕES [http-nio-8080-exec-12] org.apache.catalina.core.StandardContext.reload Reloading Context with name [/ProjetoBiblioteca] has started
28-May-2022 10:39:33.183 INFORMAÇÕES [http-nio-8080-exec-12] org.apache.catalina.core.StandardContext.reload Reloading Context with name [/ProjetoBiblioteca] is completed
28-May-2022 10:39:33.941 INFORMAÇÕES [http-nio-8080-exec-20] org.apache.catalina.core.StandardContext.reload Reloading Context with name [/ProjetoBiblioteca] has started
28-May-2022 10:39:33.975 INFORMAÇÕES [http-nio-8080-exec-20] org.apache.catalina.core.StandardContext.reload Reloading Context with name [/ProjetoBiblioteca] is completed
28-May-2022 10:39:46.028 INFORMAÇÕES [http-nio-8080-exec-13] org.apache.catalina.core.StandardContext.reload Reloading Context with name [/ProjetoBiblioteca] has started
28-May-2022 10:39:46.052 INFORMAÇÕES [http-nio-8080-exec-13] org.apache.catalina.core.StandardContext.reload Reloading Context with name [/ProjetoBiblioteca] is completed
28-May-2022 10:39:55.580 INFORMAÇÕES [http-nio-8080-exec-21] org.apache.catalina.core.StandardContext.reload Reloading Context with name [/ProjetoBiblioteca] has started
28-May-2022 10:39:55.602 INFORMAÇÕES [http-nio-8080-exec-21] org.apache.catalina.core.StandardContext.reload Reloading Context with name [/ProjetoBiblioteca] is completed
28-May-2022 10:41:52.009 INFORMAÇÕES [http-nio-8080-exec-18] org.apache.catalina.core.StandardContext.reload Reloading Context with name [/ProjetoBiblioteca] has started
28-May-2022 10:41:52.052 INFORMAÇÕES [http-nio-8080-exec-18] org.apache.catalina.core.StandardContext.reload Reloading Context with name [/ProjetoBiblioteca] is completed
28-May-2022 10:50:35.680 INFORMAÇÕES [http-nio-8080-exec-29] org.apache.catalina.core.StandardContext.reload Reloading Context with name [/ProjetoBiblioteca] has started
28-May-2022 10:50:36.737 INFORMAÇÕES [http-nio-8080-exec-29] org.apache.jasper.servlet.TldScanner.scanJars At least one JAR was scanned for TLDs yet contained no TLDs. Enable debug logging for this logger for a complete list of JARs that were scanned but no TLDs were found in them. Skipping unneeded JARs during scanning can improve startup time and JSP compilation time.
28-May-2022 10:50:36.754 INFORMAÇÕES [http-nio-8080-exec-29] org.apache.catalina.core.StandardContext.reload Reloading Context with name [/ProjetoBiblioteca] is completed
28-May-2022 10:50:37.341 INFORMAÇÕES [http-nio-8080-exec-37] org.apache.catalina.core.StandardContext.reload Reloading Context with name [/ProjetoBiblioteca] has started
28-May-2022 10:50:37.763 INFORMAÇÕES [http-nio-8080-exec-37] org.apache.jasper.servlet.TldScanner.scanJars At least one JAR was scanned for TLDs yet contained no TLDs. Enable debug logging for this logger for a complete list of JARs that were scanned but no TLDs were found in them. Skipping unneeded JARs during scanning can improve startup time and JSP compilation time.
28-May-2022 10:50:37.766 INFORMAÇÕES [http-nio-8080-exec-37] org.apache.catalina.core.StandardContext.reload Reloading Context with name [/ProjetoBiblioteca] is completed
28-May-2022 11:00:13.429 INFORMAÇÕES [http-nio-8080-exec-39] org.apache.catalina.core.StandardContext.reload Reloading Context with name [/ProjetoBiblioteca] has started
28-May-2022 11:00:13.783 INFORMAÇÕES [http-nio-8080-exec-39] org.apache.jasper.servlet.TldScanner.scanJars At least one JAR was scanned for TLDs yet contained no TLDs. Enable debug logging for this logger for a complete list of JARs that were scanned but no TLDs were found in them. Skipping unneeded JARs during scanning can improve startup time and JSP compilation time.
28-May-2022 11:00:13.786 INFORMAÇÕES [http-nio-8080-exec-39] org.apache.catalina.core.StandardContext.reload Reloading Context with name [/ProjetoBiblioteca] is completed
28-May-2022 11:00:14.225 INFORMAÇÕES [http-nio-8080-exec-46] org.apache.catalina.core.StandardContext.reload Reloading Context with name [/ProjetoBiblioteca] has started
28-May-2022 11:00:14.574 INFORMAÇÕES [http-nio-8080-exec-46] org.apache.jasper.servlet.TldScanner.scanJars At least one JAR was scanned for TLDs yet contained no TLDs. Enable debug logging for this logger for a complete list of JARs that were scanned but no TLDs were found in them. Skipping unneeded JARs during scanning can improve startup time and JSP compilation time.
28-May-2022 11:00:14.576 INFORMAÇÕES [http-nio-8080-exec-46] org.apache.catalina.core.StandardContext.reload Reloading Context with name [/ProjetoBiblioteca] is completed
28-May-2022 11:07:16.337 INFORMAÇÕES [http-nio-8080-exec-51] org.apache.catalina.core.StandardContext.reload Reloading Context with name [/ProjetoBiblioteca] has started
28-May-2022 11:07:16.726 INFORMAÇÕES [http-nio-8080-exec-51] org.apache.jasper.servlet.TldScanner.scanJars At least one JAR was scanned for TLDs yet contained no TLDs. Enable debug logging for this logger for a complete list of JARs that were scanned but no TLDs were found in them. Skipping unneeded JARs during scanning can improve startup time and JSP compilation time.
28-May-2022 11:07:16.728 INFORMAÇÕES [http-nio-8080-exec-51] org.apache.catalina.core.StandardContext.reload Reloading Context with name [/ProjetoBiblioteca] is completed
28-May-2022 11:07:52.991 INFORMAÇÕES [http-nio-8080-exec-57] org.apache.catalina.core.StandardContext.reload Reloading Context with name [/ProjetoBiblioteca] has started
28-May-2022 11:07:53.362 INFORMAÇÕES [http-nio-8080-exec-57] org.apache.jasper.servlet.TldScanner.scanJars At least one JAR was scanned for TLDs yet contained no TLDs. Enable debug logging for this logger for a complete list of JARs that were scanned but no TLDs were found in them. Skipping unneeded JARs during scanning can improve startup time and JSP compilation time.
28-May-2022 11:07:53.364 INFORMAÇÕES [http-nio-8080-exec-57] org.apache.catalina.core.StandardContext.reload Reloading Context with name [/ProjetoBiblioteca] is completed
28-May-2022 11:08:09.414 INFORMAÇÕES [http-nio-8080-exec-55] org.apache.catalina.core.StandardContext.reload Reloading Context with name [/ProjetoBiblioteca] has started
28-May-2022 11:08:09.750 INFORMAÇÕES [http-nio-8080-exec-55] org.apache.jasper.servlet.TldScanner.scanJars At least one JAR was scanned for TLDs yet contained no TLDs. Enable debug logging for this logger for a complete list of JARs that were scanned but no TLDs were found in them. Skipping unneeded JARs during scanning can improve startup time and JSP compilation time.
28-May-2022 11:08:09.752 INFORMAÇÕES [http-nio-8080-exec-55] org.apache.catalina.core.StandardContext.reload Reloading Context with name [/ProjetoBiblioteca] is completed
28-May-2022 11:08:30.694 INFORMAÇÕES [http-nio-8080-exec-47] org.apache.catalina.core.StandardContext.reload Reloading Context with name [/ProjetoBiblioteca] has started
28-May-2022 11:08:31.015 INFORMAÇÕES [http-nio-8080-exec-47] org.apache.jasper.servlet.TldScanner.scanJars At least one JAR was scanned for TLDs yet contained no TLDs. Enable debug logging for this logger for a complete list of JARs that were scanned but no TLDs were found in them. Skipping unneeded JARs during scanning can improve startup time and JSP compilation time.
28-May-2022 11:08:31.018 INFORMAÇÕES [http-nio-8080-exec-47] org.apache.catalina.core.StandardContext.reload Reloading Context with name [/ProjetoBiblioteca] is completed
28-May-2022 11:09:10.765 INFORMAÇÕES [http-nio-8080-exec-59] org.apache.catalina.core.StandardContext.reload Reloading Context with name [/ProjetoBiblioteca] has started
28-May-2022 11:09:11.138 INFORMAÇÕES [http-nio-8080-exec-59] org.apache.jasper.servlet.TldScanner.scanJars At least one JAR was scanned for TLDs yet contained no TLDs. Enable debug logging for this logger for a complete list of JARs that were scanned but no TLDs were found in them. Skipping unneeded JARs during scanning can improve startup time and JSP compilation time.
28-May-2022 11:09:11.141 INFORMAÇÕES [http-nio-8080-exec-59] org.apache.catalina.core.StandardContext.reload Reloading Context with name [/ProjetoBiblioteca] is completed
28-May-2022 11:12:08.480 INFORMAÇÕES [http-nio-8080-exec-53] org.apache.catalina.core.StandardContext.reload Reloading Context with name [/ProjetoBiblioteca] has started
28-May-2022 11:12:08.777 INFORMAÇÕES [http-nio-8080-exec-53] org.apache.jasper.servlet.TldScanner.scanJars At least one JAR was scanned for TLDs yet contained no TLDs. Enable debug logging for this logger for a complete list of JARs that were scanned but no TLDs were found in them. Skipping unneeded JARs during scanning can improve startup time and JSP compilation time.
28-May-2022 11:12:08.780 INFORMAÇÕES [http-nio-8080-exec-53] org.apache.catalina.core.StandardContext.reload Reloading Context with name [/ProjetoBiblioteca] is completed
28-May-2022 11:12:08.963 INFORMAÇÕES [http-nio-8080-exec-54] org.apache.catalina.core.StandardContext.reload Reloading Context with name [/ProjetoBiblioteca] has started
28-May-2022 11:12:09.274 INFORMAÇÕES [http-nio-8080-exec-54] org.apache.jasper.servlet.TldScanner.scanJars At least one JAR was scanned for TLDs yet contained no TLDs. Enable debug logging for this logger for a complete list of JARs that were scanned but no TLDs were found in them. Skipping unneeded JARs during scanning can improve startup time and JSP compilation time.
28-May-2022 11:12:09.277 INFORMAÇÕES [http-nio-8080-exec-54] org.apache.catalina.core.StandardContext.reload Reloading Context with name [/ProjetoBiblioteca] is completed
28-May-2022 11:30:29.487 INFORMAÇÕES [http-nio-8080-exec-64] org.apache.catalina.core.StandardContext.reload Reloading Context with name [/ProjetoBiblioteca] has started
28-May-2022 11:30:29.824 INFORMAÇÕES [http-nio-8080-exec-64] org.apache.jasper.servlet.TldScanner.scanJars At least one JAR was scanned for TLDs yet contained no TLDs. Enable debug logging for this logger for a complete list of JARs that were scanned but no TLDs were found in them. Skipping unneeded JARs during scanning can improve startup time and JSP compilation time.
28-May-2022 11:30:29.828 INFORMAÇÕES [http-nio-8080-exec-64] org.apache.catalina.core.StandardContext.reload Reloading Context with name [/ProjetoBiblioteca] is completed
28-May-2022 11:36:24.044 INFORMAÇÕES [http-nio-8080-exec-78] org.apache.catalina.core.StandardContext.reload Reloading Context with name [/ProjetoBiblioteca] has started
28-May-2022 11:36:24.581 INFORMAÇÕES [http-nio-8080-exec-78] org.apache.jasper.servlet.TldScanner.scanJars At least one JAR was scanned for TLDs yet contained no TLDs. Enable debug logging for this logger for a complete list of JARs that were scanned but no TLDs were found in them. Skipping unneeded JARs during scanning can improve startup time and JSP compilation time.
28-May-2022 11:36:24.584 INFORMAÇÕES [http-nio-8080-exec-78] org.apache.catalina.core.StandardContext.reload Reloading Context with name [/ProjetoBiblioteca] is completed
28-May-2022 15:24:40.558 INFORMAÇÕES [http-nio-8080-exec-86] org.apache.catalina.core.StandardContext.reload Reloading Context with name [/ProjetoBiblioteca] has started
28-May-2022 15:24:40.645 ADVERTÊNCIA [http-nio-8080-exec-86] org.apache.catalina.loader.WebappClassLoaderBase.clearReferencesJdbc The web application [ProjetoBiblioteca] registered the JDBC driver [com.mysql.cj.jdbc.Driver] but failed to unregister it when the web application was stopped. To prevent a memory leak, the JDBC Driver has been forcibly unregistered.
28-May-2022 15:24:40.649 ADVERTÊNCIA [http-nio-8080-exec-86] org.apache.catalina.loader.WebappClassLoaderBase.clearReferencesThreads The web application [ProjetoBiblioteca] appears to have started a thread named [mysql-cj-abandoned-connection-cleanup] but has failed to stop it. This is very likely to create a memory leak. Stack trace of thread:
 java.base@11.0.14/java.lang.Object.wait(Native Method)
 java.base@11.0.14/java.lang.ref.ReferenceQueue.remove(ReferenceQueue.java:155)
 com.mysql.cj.jdbc.AbandonedConnectionCleanupThread.run(AbandonedConnectionCleanupThread.java:91)
 java.base@11.0.14/java.util.concurrent.ThreadPoolExecutor.runWorker(ThreadPoolExecutor.java:1128)
 java.base@11.0.14/java.util.concurrent.ThreadPoolExecutor$Worker.run(ThreadPoolExecutor.java:628)
 java.base@11.0.14/java.lang.Thread.run(Thread.java:829)
28-May-2022 15:24:41.079 INFORMAÇÕES [mysql-cj-abandoned-connection-cleanup] org.apache.catalina.loader.WebappClassLoaderBase.checkStateForResourceLoading Illegal access: this web application instance has been stopped already. Could not load [com.mysql.cj.protocol.ExportControlled]. The following stack trace is thrown for debugging purposes as well as to attempt to terminate the thread which caused the illegal access.
	java.lang.IllegalStateException: Illegal access: this web application instance has been stopped already. Could not load [com.mysql.cj.protocol.ExportControlled]. The following stack trace is thrown for debugging purposes as well as to attempt to terminate the thread which caused the illegal access.
		at org.apache.catalina.loader.WebappClassLoaderBase.checkStateForResourceLoading(WebappClassLoaderBase.java:1440)
		at org.apache.catalina.loader.WebappClassLoaderBase.checkStateForClassLoading(WebappClassLoaderBase.java:1428)
		at org.apache.catalina.loader.WebappClassLoaderBase.loadClass(WebappClassLoaderBase.java:1267)
		at org.apache.catalina.loader.WebappClassLoaderBase.loadClass(WebappClassLoaderBase.java:1228)
		at com.mysql.cj.protocol.NetworkResources.forceClose(NetworkResources.java:53)
		at com.mysql.cj.jdbc.AbandonedConnectionCleanupThread$ConnectionFinalizerPhantomReference.finalizeResources(AbandonedConnectionCleanupThread.java:248)
		at com.mysql.cj.jdbc.AbandonedConnectionCleanupThread.finalizeResource(AbandonedConnectionCleanupThread.java:226)
		at com.mysql.cj.jdbc.AbandonedConnectionCleanupThread.run(AbandonedConnectionCleanupThread.java:93)
		at java.base/java.util.concurrent.ThreadPoolExecutor.runWorker(ThreadPoolExecutor.java:1128)
		at java.base/java.util.concurrent.ThreadPoolExecutor$Worker.run(ThreadPoolExecutor.java:628)
		at java.base/java.lang.Thread.run(Thread.java:829)
28-May-2022 15:24:41.099 INFORMAÇÕES [http-nio-8080-exec-86] org.apache.jasper.servlet.TldScanner.scanJars At least one JAR was scanned for TLDs yet contained no TLDs. Enable debug logging for this logger for a complete list of JARs that were scanned but no TLDs were found in them. Skipping unneeded JARs during scanning can improve startup time and JSP compilation time.
28-May-2022 15:24:41.111 INFORMAÇÕES [http-nio-8080-exec-86] org.apache.catalina.core.StandardContext.reload Reloading Context with name [/ProjetoBiblioteca] is completed
28-May-2022 15:34:03.137 INFORMAÇÕES [http-nio-8080-exec-94] org.apache.catalina.core.StandardContext.reload Reloading Context with name [/ProjetoBiblioteca] has started
28-May-2022 15:34:03.534 INFORMAÇÕES [http-nio-8080-exec-94] org.apache.jasper.servlet.TldScanner.scanJars At least one JAR was scanned for TLDs yet contained no TLDs. Enable debug logging for this logger for a complete list of JARs that were scanned but no TLDs were found in them. Skipping unneeded JARs during scanning can improve startup time and JSP compilation time.
28-May-2022 15:34:03.537 INFORMAÇÕES [http-nio-8080-exec-94] org.apache.catalina.core.StandardContext.reload Reloading Context with name [/ProjetoBiblioteca] is completed
28-May-2022 15:34:18.405 INFORMAÇÕES [http-nio-8080-exec-91] org.apache.catalina.core.StandardContext.reload Reloading Context with name [/ProjetoBiblioteca] has started
28-May-2022 15:34:18.760 INFORMAÇÕES [http-nio-8080-exec-91] org.apache.jasper.servlet.TldScanner.scanJars At least one JAR was scanned for TLDs yet contained no TLDs. Enable debug logging for this logger for a complete list of JARs that were scanned but no TLDs were found in them. Skipping unneeded JARs during scanning can improve startup time and JSP compilation time.
28-May-2022 15:34:18.762 INFORMAÇÕES [http-nio-8080-exec-91] org.apache.catalina.core.StandardContext.reload Reloading Context with name [/ProjetoBiblioteca] is completed
28-May-2022 15:53:13.463 INFORMAÇÕES [http-nio-8080-exec-107] org.apache.catalina.core.StandardContext.reload Reloading Context with name [/ProjetoBiblioteca] has started
28-May-2022 15:53:13.740 INFORMAÇÕES [http-nio-8080-exec-107] org.apache.jasper.servlet.TldScanner.scanJars At least one JAR was scanned for TLDs yet contained no TLDs. Enable debug logging for this logger for a complete list of JARs that were scanned but no TLDs were found in them. Skipping unneeded JARs during scanning can improve startup time and JSP compilation time.
28-May-2022 15:53:13.742 INFORMAÇÕES [http-nio-8080-exec-107] org.apache.catalina.core.StandardContext.reload Reloading Context with name [/ProjetoBiblioteca] is completed
28-May-2022 17:11:00.738 INFORMAÇÕES [http-nio-8080-exec-116] org.apache.catalina.core.StandardContext.reload Reloading Context with name [/ProjetoBiblioteca] has started
28-May-2022 17:11:00.853 ADVERTÊNCIA [http-nio-8080-exec-116] org.apache.catalina.loader.WebappClassLoaderBase.clearReferencesJdbc The web application [ProjetoBiblioteca] registered the JDBC driver [com.mysql.cj.jdbc.Driver] but failed to unregister it when the web application was stopped. To prevent a memory leak, the JDBC Driver has been forcibly unregistered.
28-May-2022 17:11:00.854 ADVERTÊNCIA [http-nio-8080-exec-116] org.apache.catalina.loader.WebappClassLoaderBase.clearReferencesThreads The web application [ProjetoBiblioteca] appears to have started a thread named [mysql-cj-abandoned-connection-cleanup] but has failed to stop it. This is very likely to create a memory leak. Stack trace of thread:
 java.base@11.0.14/java.lang.Object.wait(Native Method)
 java.base@11.0.14/java.lang.ref.ReferenceQueue.remove(ReferenceQueue.java:155)
 com.mysql.cj.jdbc.AbandonedConnectionCleanupThread.run(AbandonedConnectionCleanupThread.java:91)
 java.base@11.0.14/java.util.concurrent.ThreadPoolExecutor.runWorker(ThreadPoolExecutor.java:1128)
 java.base@11.0.14/java.util.concurrent.ThreadPoolExecutor$Worker.run(ThreadPoolExecutor.java:628)
 java.base@11.0.14/java.lang.Thread.run(Thread.java:829)
28-May-2022 17:11:01.244 INFORMAÇÕES [http-nio-8080-exec-116] org.apache.jasper.servlet.TldScanner.scanJars At least one JAR was scanned for TLDs yet contained no TLDs. Enable debug logging for this logger for a complete list of JARs that were scanned but no TLDs were found in them. Skipping unneeded JARs during scanning can improve startup time and JSP compilation time.
28-May-2022 17:11:01.252 INFORMAÇÕES [http-nio-8080-exec-116] org.apache.catalina.core.StandardContext.reload Reloading Context with name [/ProjetoBiblioteca] is completed
28-May-2022 17:11:02.487 INFORMAÇÕES [mysql-cj-abandoned-connection-cleanup] org.apache.catalina.loader.WebappClassLoaderBase.checkStateForResourceLoading Illegal access: this web application instance has been stopped already. Could not load []. The following stack trace is thrown for debugging purposes as well as to attempt to terminate the thread which caused the illegal access.
	java.lang.IllegalStateException: Illegal access: this web application instance has been stopped already. Could not load []. The following stack trace is thrown for debugging purposes as well as to attempt to terminate the thread which caused the illegal access.
		at org.apache.catalina.loader.WebappClassLoaderBase.checkStateForResourceLoading(WebappClassLoaderBase.java:1440)
		at org.apache.catalina.loader.WebappClassLoaderBase.getResource(WebappClassLoaderBase.java:1065)
		at com.mysql.cj.jdbc.AbandonedConnectionCleanupThread.checkThreadContextClassLoader(AbandonedConnectionCleanupThread.java:123)
		at com.mysql.cj.jdbc.AbandonedConnectionCleanupThread.run(AbandonedConnectionCleanupThread.java:90)
		at java.base/java.util.concurrent.ThreadPoolExecutor.runWorker(ThreadPoolExecutor.java:1128)
		at java.base/java.util.concurrent.ThreadPoolExecutor$Worker.run(ThreadPoolExecutor.java:628)
		at java.base/java.lang.Thread.run(Thread.java:829)
28-May-2022 17:14:37.446 INFORMAÇÕES [http-nio-8080-exec-127] org.apache.catalina.core.StandardContext.reload Reloading Context with name [/ProjetoBiblioteca] has started
28-May-2022 17:14:37.751 INFORMAÇÕES [http-nio-8080-exec-127] org.apache.jasper.servlet.TldScanner.scanJars At least one JAR was scanned for TLDs yet contained no TLDs. Enable debug logging for this logger for a complete list of JARs that were scanned but no TLDs were found in them. Skipping unneeded JARs during scanning can improve startup time and JSP compilation time.
28-May-2022 17:14:37.755 INFORMAÇÕES [http-nio-8080-exec-127] org.apache.catalina.core.StandardContext.reload Reloading Context with name [/ProjetoBiblioteca] is completed
28-May-2022 17:57:48.579 INFORMAÇÕES [http-nio-8080-exec-129] org.apache.catalina.core.StandardContext.reload Reloading Context with name [/ProjetoBiblioteca] has started
28-May-2022 17:57:48.584 ADVERTÊNCIA [http-nio-8080-exec-129] org.apache.catalina.loader.WebappClassLoaderBase.clearReferencesJdbc The web application [ProjetoBiblioteca] registered the JDBC driver [com.mysql.cj.jdbc.Driver] but failed to unregister it when the web application was stopped. To prevent a memory leak, the JDBC Driver has been forcibly unregistered.
28-May-2022 17:57:48.584 ADVERTÊNCIA [http-nio-8080-exec-129] org.apache.catalina.loader.WebappClassLoaderBase.clearReferencesThreads The web application [ProjetoBiblioteca] appears to have started a thread named [mysql-cj-abandoned-connection-cleanup] but has failed to stop it. This is very likely to create a memory leak. Stack trace of thread:
 java.base@11.0.14/java.lang.Object.wait(Native Method)
 java.base@11.0.14/java.lang.ref.ReferenceQueue.remove(ReferenceQueue.java:155)
 com.mysql.cj.jdbc.AbandonedConnectionCleanupThread.run(AbandonedConnectionCleanupThread.java:91)
 java.base@11.0.14/java.util.concurrent.ThreadPoolExecutor.runWorker(ThreadPoolExecutor.java:1128)
 java.base@11.0.14/java.util.concurrent.ThreadPoolExecutor$Worker.run(ThreadPoolExecutor.java:628)
 java.base@11.0.14/java.lang.Thread.run(Thread.java:829)
28-May-2022 17:57:48.884 INFORMAÇÕES [mysql-cj-abandoned-connection-cleanup] org.apache.catalina.loader.WebappClassLoaderBase.checkStateForResourceLoading Illegal access: this web application instance has been stopped already. Could not load [com.mysql.cj.protocol.ExportControlled]. The following stack trace is thrown for debugging purposes as well as to attempt to terminate the thread which caused the illegal access.
	java.lang.IllegalStateException: Illegal access: this web application instance has been stopped already. Could not load [com.mysql.cj.protocol.ExportControlled]. The following stack trace is thrown for debugging purposes as well as to attempt to terminate the thread which caused the illegal access.
		at org.apache.catalina.loader.WebappClassLoaderBase.checkStateForResourceLoading(WebappClassLoaderBase.java:1440)
		at org.apache.catalina.loader.WebappClassLoaderBase.checkStateForClassLoading(WebappClassLoaderBase.java:1428)
		at org.apache.catalina.loader.WebappClassLoaderBase.loadClass(WebappClassLoaderBase.java:1267)
		at org.apache.catalina.loader.WebappClassLoaderBase.loadClass(WebappClassLoaderBase.java:1228)
		at com.mysql.cj.protocol.NetworkResources.forceClose(NetworkResources.java:53)
		at com.mysql.cj.jdbc.AbandonedConnectionCleanupThread$ConnectionFinalizerPhantomReference.finalizeResources(AbandonedConnectionCleanupThread.java:248)
		at com.mysql.cj.jdbc.AbandonedConnectionCleanupThread.finalizeResource(AbandonedConnectionCleanupThread.java:226)
		at com.mysql.cj.jdbc.AbandonedConnectionCleanupThread.run(AbandonedConnectionCleanupThread.java:93)
		at java.base/java.util.concurrent.ThreadPoolExecutor.runWorker(ThreadPoolExecutor.java:1128)
		at java.base/java.util.concurrent.ThreadPoolExecutor$Worker.run(ThreadPoolExecutor.java:628)
		at java.base/java.lang.Thread.run(Thread.java:829)
28-May-2022 17:57:48.986 INFORMAÇÕES [http-nio-8080-exec-129] org.apache.jasper.servlet.TldScanner.scanJars At least one JAR was scanned for TLDs yet contained no TLDs. Enable debug logging for this logger for a complete list of JARs that were scanned but no TLDs were found in them. Skipping unneeded JARs during scanning can improve startup time and JSP compilation time.
28-May-2022 17:57:48.990 INFORMAÇÕES [http-nio-8080-exec-129] org.apache.catalina.core.StandardContext.reload Reloading Context with name [/ProjetoBiblioteca] is completed
28-May-2022 18:05:13.145 INFORMAÇÕES [http-nio-8080-exec-142] org.apache.catalina.core.StandardContext.reload Reloading Context with name [/ProjetoBiblioteca] has started
28-May-2022 18:05:13.512 INFORMAÇÕES [http-nio-8080-exec-142] org.apache.jasper.servlet.TldScanner.scanJars At least one JAR was scanned for TLDs yet contained no TLDs. Enable debug logging for this logger for a complete list of JARs that were scanned but no TLDs were found in them. Skipping unneeded JARs during scanning can improve startup time and JSP compilation time.
28-May-2022 18:05:13.517 INFORMAÇÕES [http-nio-8080-exec-142] org.apache.catalina.core.StandardContext.reload Reloading Context with name [/ProjetoBiblioteca] is completed
28-May-2022 18:59:36.276 INFORMAÇÕES [main] org.apache.catalina.core.StandardServer.await A valid shutdown command was received via the shutdown port. Stopping the Server instance.
28-May-2022 18:59:36.276 INFORMAÇÕES [main] org.apache.coyote.AbstractProtocol.pause Pausing ProtocolHandler ["http-nio-8080"]
28-May-2022 18:59:36.339 INFORMAÇÕES [main] org.apache.catalina.core.StandardService.stopInternal Stopping service [Catalina]
28-May-2022 18:59:36.370 ADVERTÊNCIA [localhost-startStop-2] org.apache.catalina.loader.WebappClassLoaderBase.clearReferencesJdbc The web application [ProjetoBiblioteca] registered the JDBC driver [com.mysql.cj.jdbc.Driver] but failed to unregister it when the web application was stopped. To prevent a memory leak, the JDBC Driver has been forcibly unregistered.
28-May-2022 18:59:36.370 ADVERTÊNCIA [localhost-startStop-2] org.apache.catalina.loader.WebappClassLoaderBase.clearReferencesThreads The web application [ProjetoBiblioteca] appears to have started a thread named [mysql-cj-abandoned-connection-cleanup] but has failed to stop it. This is very likely to create a memory leak. Stack trace of thread:
 java.base@11.0.14/java.lang.Object.wait(Native Method)
 java.base@11.0.14/java.lang.ref.ReferenceQueue.remove(ReferenceQueue.java:155)
 com.mysql.cj.jdbc.AbandonedConnectionCleanupThread.run(AbandonedConnectionCleanupThread.java:91)
 java.base@11.0.14/java.util.concurrent.ThreadPoolExecutor.runWorker(ThreadPoolExecutor.java:1128)
 java.base@11.0.14/java.util.concurrent.ThreadPoolExecutor$Worker.run(ThreadPoolExecutor.java:628)
 java.base@11.0.14/java.lang.Thread.run(Thread.java:829)
28-May-2022 18:59:36.396 INFORMAÇÕES [main] org.apache.coyote.AbstractProtocol.stop Stopping ProtocolHandler ["http-nio-8080"]
28-May-2022 18:59:36.443 INFORMAÇÕES [main] org.apache.coyote.AbstractProtocol.destroy Destroying ProtocolHandler ["http-nio-8080"]
